  main.cpp
main.cpp(229): warning C4101: “count”: 未引用的局部变量
main.cpp(350): warning C4101: “m”: 未引用的局部变量
main.cpp(351): warning C4101: “t1”: 未引用的局部变量
main.cpp(403): warning C4101: “m”: 未引用的局部变量
main.cpp(404): warning C4101: “t1”: 未引用的局部变量
main.cpp(456): warning C4101: “m”: 未引用的局部变量
main.cpp(457): warning C4101: “t1”: 未引用的局部变量
main.cpp(509): warning C4101: “m”: 未引用的局部变量
main.cpp(510): warning C4101: “t1”: 未引用的局部变量
main.cpp(587): warning C4996: 'getch': The POSIX name for this item is deprecated. Instead, use the ISO C and C++ conformant name: _getch. See online help for details.
  C:\Program Files (x86)\Windows Kits\10\Include\10.0.10240.0\ucrt\conio.h(452): note: 参见“getch”的声明
main.cpp(632): warning C4996: 'getch': The POSIX name for this item is deprecated. Instead, use the ISO C and C++ conformant name: _getch. See online help for details.
  C:\Program Files (x86)\Windows Kits\10\Include\10.0.10240.0\ucrt\conio.h(452): note: 参见“getch”的声明
main.cpp(655): warning C4996: 'getch': The POSIX name for this item is deprecated. Instead, use the ISO C and C++ conformant name: _getch. See online help for details.
  C:\Program Files (x86)\Windows Kits\10\Include\10.0.10240.0\ucrt\conio.h(452): note: 参见“getch”的声明
  正在生成代码
  2 of 19 functions (10.5%) were compiled, the rest were copied from previous compilation.
    0 functions were new in current compilation
    1 functions had inline decision re-evaluated but remain unchanged
  已完成代码的生成
  My_2048.vcxproj -> D:\VS2015Code\CodePlusPlus\My_2048\Release\My_2048.exe
  My_2048.vcxproj -> D:\VS2015Code\CodePlusPlus\My_2048\Release\My_2048.pdb (Full PDB)
